<?xml version="1.0" encoding="UTF-8"?>
<testsuite name="WalletTest" tests="7" skipped="0" failures="0" errors="0" timestamp="2022-02-27T18:11:59" hostname="Mriduls-MacBook-Pro.local" time="0.055">
  <properties/>
  <testcase name="shouldBeAbleToTakeOutMoneyFromWalletWhenTheBalanceIsSufficientAndInSameCurrency()" classname="WalletTest" time="0.036"/>
  <testcase name="shouldBeAbleToAddMoneyInWalletWhenTheAmountIsGreaterThanZero()" classname="WalletTest" time="0.002"/>
  <testcase name="ShouldBalanceWhenThePreferredCurrencyAndTheCurrencyInWhichBalanceShouldBeDisplayedIsSame()" classname="WalletTest" time="0.002"/>
  <testcase name="shouldBeAbleToTakeOutMoneyFromWalletWhenTheBalanceIsSufficientAndInDifferentCurrency()" classname="WalletTest" time="0.001"/>
  <testcase name="ShouldBalanceWhenThePreferredCurrencyAndTheCurrencyInWhichBalanceShouldBeDisplayedIsDifferent()" classname="WalletTest" time="0.001"/>
  <testcase name="shouldNotBeAbleToAddMoneyInWalletWhenTheAmountIsLessThanOrEqualToZero()" classname="WalletTest" time="0.004"/>
  <testcase name="shouldNotBeAbleToTakeOutMoneyWhenTheBalanceIsInSufficient()" classname="WalletTest" time="0.002"/>
  <system-out><![CDATA[]]></system-out>
  <system-err><![CDATA[]]></system-err>
</testsuite>
